<?xml version="1.0" encoding="UTF-8"?>
<testsuite name="DrinkTest" tests="5" skipped="0" failures="0" errors="0" timestamp="2021-05-15T12:16:47" hostname="DESKTOP-N5AKV6O" time="0.02">
  <properties/>
  <testcase name="updateStock()" classname="DrinkTest" time="0.003"/>
  <testcase name="getName()" classname="DrinkTest" time="0.003"/>
  <testcase name="getImgURL()" classname="DrinkTest" time="0.002"/>
  <testcase name="getPrice()" classname="DrinkTest" time="0.002"/>
  <testcase name="getStock()" classname="DrinkTest" time="0.003"/>
  <system-out><![CDATA[]]></system-out>
  <system-err><![CDATA[]]></system-err>
</testsuite>
