<?xml version="1.0" encoding="UTF-8"?>
<testsuite name="CodeTest" tests="2" skipped="0" failures="0" errors="0" timestamp="2021-05-15T12:16:47" hostname="DESKTOP-N5AKV6O" time="0.008">
  <properties/>
  <testcase name="getCode()" classname="CodeTest" time="0.004"/>
  <testcase name="getDrink()" classname="CodeTest" time="0.001"/>
  <system-out><![CDATA[]]></system-out>
  <system-err><![CDATA[]]></system-err>
</testsuite>
