<?xml version="1.0" encoding="UTF-8"?>
<testsuite name="MessageTest" tests="6" skipped="0" failures="0" errors="0" timestamp="2021-05-15T12:16:48" hostname="DESKTOP-N5AKV6O" time="0.023">
  <properties/>
  <testcase name="getMsg()" classname="MessageTest" time="0.003"/>
  <testcase name="createMessage()" classname="MessageTest" time="0.001"/>
  <testcase name="getDst_id()" classname="MessageTest" time="0.002"/>
  <testcase name="getMsg_type()" classname="MessageTest" time="0.0"/>
  <testcase name="getSrc_id()" classname="MessageTest" time="0.003"/>
  <testcase name="testCreateMessage()" classname="MessageTest" time="0.003"/>
  <system-out><![CDATA[]]></system-out>
  <system-err><![CDATA[]]></system-err>
</testsuite>
